{
  "RSpec": {
    "coverage": {
      "/Users/joshuajhun/full-circle/app/models/application.rb": [
        1,
        1,
        1,
        null,
        1,
        1,
        null,
        1,
        null,
        1,
        1,
        null
      ],
      "/Users/joshuajhun/full-circle/app/models/application_record.rb": [
        1,
        1,
        null
      ],
      "/Users/joshuajhun/full-circle/app/models/cohort_reviewer.rb": [
        1,
        1,
        1,
        null,
        1,
        1,
        null,
        1,
        null
      ],
      "/Users/joshuajhun/full-circle/app/models/cohort.rb": [
        1,
        1,
        null,
        1,
        1,
        null,
        1,
        null,
        1,
        null,
        88,
        4,
        1,
        null,
        1,
        12,
        null,
        null,
        1,
        2,
        null,
        null,
        1,
        16,
        null,
        null,
        1,
        14,
        null,
        null,
        1,
        14,
        null,
        null,
        1,
        14,
        null,
        null
      ],
      "/Users/joshuajhun/full-circle/app/models/jw_token.rb": [
        1,
        null,
        1,
        1,
        38,
        37,
        null,
        null,
        1,
        28,
        null,
        null,
        null
      ],
      "/Users/joshuajhun/full-circle/app/models/review.rb": [
        1,
        1,
        1,
        null,
        1,
        12,
        null,
        1,
        null,
        1,
        7,
        21,
        null,
        null,
        null,
        1,
        4,
        null,
        null,
        1,
        null,
        1,
        8,
        null,
        null,
        null,
        null,
        null,
        null,
        null,
        null,
        null,
        null,
        null,
        1,
        3,
        3,
        null,
        null,
        1,
        24,
        null,
        null,
        1,
        3,
        null,
        null,
        1,
        3,
        null,
        null
      ],
      "/Users/joshuajhun/full-circle/app/models/user.rb": [
        1,
        1,
        null,
        1,
        null,
        1,
        1,
        null,
        1,
        1,
        null,
        1,
        null,
        1,
        null,
        1,
        144,
        144,
        null,
        null,
        1,
        null,
        1,
        6,
        6,
        6,
        null,
        null,
        null,
        null
      ],
      "/Users/joshuajhun/full-circle/app/models/concerns/oauth_user.rb": [
        1,
        1,
        null,
        1,
        1,
        null,
        null,
        null,
        null,
        null,
        6,
        null,
        null,
        null
      ],
      "/Users/joshuajhun/full-circle/app/controllers/homepage_controller.rb": [
        1,
        null,
        1,
        null
      ],
      "/Users/joshuajhun/full-circle/app/controllers/application_controller.rb": [
        1,
        1,
        null,
        1,
        1,
        null,
        1,
        null,
        1,
        0,
        null,
        null
      ],
      "/Users/joshuajhun/full-circle/app/controllers/concerns/authorize.rb": [
        1,
        1,
        null,
        1,
        3,
        1,
        2,
        1,
        1,
        1,
        null,
        null,
        null,
        1,
        3,
        null,
        null,
        1,
        1,
        null,
        null,
        1,
        3,
        null,
        null
      ],
      "/Users/joshuajhun/full-circle/app/controllers/sessions_controller.rb": [
        1,
        null,
        1,
        3,
        null,
        3,
        3,
        3,
        null,
        0,
        null,
        null,
        null,
        null,
        1,
        0,
        0,
        null,
        null,
        1,
        null,
        1,
        3,
        null,
        null
      ],
      "/Users/joshuajhun/full-circle/app/controllers/student/dashboard_controller.rb": [
        1,
        null,
        1,
        1,
        1,
        null,
        1,
        0,
        null,
        1,
        null,
        null,
        1,
        null,
        null,
        null
      ],
      "/Users/joshuajhun/full-circle/app/controllers/reviewer/dashboard_controller.rb": [
        1,
        null,
        1,
        null,
        null
      ],
      "/Users/joshuajhun/full-circle/app/controllers/reviewer/base_controller.rb": [
        1,
        1,
        null,
        1,
        null,
        1,
        1,
        null,
        null
      ],
      "/Users/joshuajhun/full-circle/app/controllers/admin/dashboard_controller.rb": [
        1,
        null,
        1,
        1,
        null,
        1,
        null,
        1,
        1,
        null,
        null,
        null
      ],
      "/Users/joshuajhun/full-circle/app/controllers/admin_controller.rb": [
        1,
        1,
        null,
        1,
        null,
        1,
        1,
        null,
        null
      ],
      "/Users/joshuajhun/full-circle/app/controllers/api/v1/admin/cohorts_controller.rb": [
        1,
        null,
        1,
        1,
        null,
        null,
        1,
        1,
        null,
        null,
        1,
        2,
        null,
        2,
        1,
        null,
        1,
        null,
        null,
        null,
        1,
        2,
        null,
        2,
        1,
        null,
        1,
        null,
        null,
        null,
        1,
        1,
        null,
        1,
        1,
        null,
        0,
        null,
        null,
        null,
        1,
        1,
        null,
        4,
        null,
        null
      ],
      "/Users/joshuajhun/full-circle/app/controllers/api/v1/admin_api_controller.rb": [
        1,
        1,
        null,
        1,
        12,
        null,
        null
      ],
      "/Users/joshuajhun/full-circle/app/controllers/api/v1/api_controller.rb": [
        1,
        1,
        null,
        1,
        null,
        1,
        null,
        1,
        27,
        null,
        null,
        1,
        44,
        null,
        null,
        1,
        26,
        null,
        null
      ],
      "/Users/joshuajhun/full-circle/app/controllers/concerns/error_handler.rb": [
        1,
        1,
        null,
        1,
        null,
        1,
        null,
        1,
        4,
        null,
        null,
        1,
        4,
        null,
        null,
        null,
        null
      ],
      "/Users/joshuajhun/full-circle/app/models/defaults.rb": [
        1,
        null,
        1,
        1,
        14,
        null,
        null,
        1,
        null,
        null,
        null,
        null,
        null,
        null,
        null,
        null,
        null,
        null,
        14,
        null,
        null,
        1,
        null,
        null,
        null,
        null,
        null,
        null,
        null,
        null,
        null,
        null,
        null,
        null,
        null,
        null,
        null,
        null,
        null,
        null,
        null,
        null,
        null,
        null,
        null,
        null,
        null,
        null,
        null,
        14,
        null,
        null,
        null,
        null,
        null,
        null,
        null,
        null,
        null,
        null,
        null,
        null,
        null,
        null,
        null,
        null,
        null,
        null,
        null,
        null,
        null,
        null,
        null,
        null,
        null,
        null,
        null,
        null,
        null,
        null,
        null,
        null,
        null,
        null,
        null,
        null,
        null,
        null,
        null,
        null,
        null,
        null,
        null,
        null,
        null,
        null,
        null,
        null,
        null,
        null,
        null,
        null,
        null,
        null,
        null,
        null,
        null,
        null,
        null,
        null,
        null,
        null,
        null,
        null,
        null,
        null,
        null,
        null,
        null
      ],
      "/Users/joshuajhun/full-circle/app/controllers/api/v1/admin/cohort_reviewers_controller.rb": [
        1,
        1,
        1,
        null,
        1,
        1,
        null,
        null,
        1,
        1,
        null,
        1,
        1,
        null,
        0,
        null,
        null,
        null,
        1,
        1,
        null,
        null,
        1,
        1,
        null,
        0,
        null,
        null,
        null,
        1,
        null,
        1,
        3,
        null,
        null,
        1,
        1,
        null,
        null
      ],
      "/Users/joshuajhun/full-circle/app/controllers/api/v1/student/applications_controller.rb": [
        1,
        null,
        1,
        1,
        null,
        null,
        1,
        2,
        2,
        null,
        2,
        1,
        null,
        1,
        null,
        null,
        null,
        1,
        2,
        null,
        2,
        1,
        null,
        1,
        null,
        null,
        null,
        1,
        null,
        1,
        2,
        null,
        null
      ],
      "/Users/joshuajhun/full-circle/app/controllers/api/v1/student/users_controller.rb": [
        1,
        null,
        1,
        2,
        null,
        2,
        1,
        null,
        1,
        null,
        null,
        null,
        1,
        null,
        1,
        2,
        null,
        null
      ],
      "/Users/joshuajhun/full-circle/app/controllers/api/v1/admin/applications_controller.rb": [
        0,
        null,
        0,
        0,
        0,
        0,
        0,
        0,
        null,
        0
      ],
      "/Users/joshuajhun/full-circle/app/controllers/api/v1/admin/reviewers_controller.rb": [
        0,
        null,
        0,
        0,
        0,
        0
      ]
    },
    "timestamp": 1508947480
  }
}
